
                             Synplify (R) Premier 

                Version O-2018.09-SP1 for RHEL64 - Nov 27, 2018 

                    Copyright (c) 1988 - 2018 Synopsys, Inc.
   This software and the associated documentation are proprietary to Synopsys,
 Inc. This software may only be used in accordance with the terms and conditions
 of a written license agreement with Synopsys, Inc. All other use, reproduction,
            or distribution of this software is strictly prohibited.

Starting:    /vol/synopsys/fpga/O-2018.09-SP1/linux_a_64/mbin/synplify
Install:     /vol/synopsys/fpga/O-2018.09-SP1
Hostname:    joker.ece.northwestern.edu
Date:        Thu May  2 13:23:48 2024
Version:     O-2018.09-SP1

Arguments:   -product synplify_premier
ProductType: synplify_premier

License checkout: synplifypremierdp
License: synplifypremierdp from server synopsyslm.ece.northwestern.edu (Using premium license)
Licensed Vendor: All FPGA
License Option: ident



/home/ted4152/Spring24/Facepga/MobileNet/hardware/sv/other_layers/avg_pool/avg_pool.prjlog file: "/home/ted4152/Spring24/Facepga/MobileNet/hardware/sv/other_layers/avg_pool/rev_2/div_synth.srr"
Running: rev_2 in foreground

Running avg_pool|rev_2

Running Flow: compile (Compile) on avg_pool|rev_2
# Thu May  2 13:24:10 2024

Running Flow: compile_flow (Compile Process) on avg_pool|rev_2
# Thu May  2 13:24:10 2024
License granted for 4 parallel jobs

Running: compiler (Compile Input) on avg_pool|rev_2
# Thu May  2 13:24:10 2024
Copied /home/ted4152/Spring24/Facepga/MobileNet/hardware/sv/other_layers/avg_pool/rev_2/synwork/div_synth_comp.srs to /home/ted4152/Spring24/Facepga/MobileNet/hardware/sv/other_layers/avg_pool/rev_2/div_synth.srs

compiler completed
# Thu May  2 13:24:14 2024

Return Code: 0
Run Time:00h:00m:04s

Running: multi_srs_gen (Multi-srs Generator) on avg_pool|rev_2
# Thu May  2 13:24:14 2024

multi_srs_gen completed
# Thu May  2 13:24:14 2024

Return Code: 0
Run Time:00h:00m:00s
Copied /home/ted4152/Spring24/Facepga/MobileNet/hardware/sv/other_layers/avg_pool/rev_2/synwork/div_synth_mult.srs to /home/ted4152/Spring24/Facepga/MobileNet/hardware/sv/other_layers/avg_pool/rev_2/div_synth.srs
Complete: Compile Process on avg_pool|rev_2

Running: premap (Premap) on avg_pool|rev_2
# Thu May  2 13:24:14 2024

premap completed with warnings
# Thu May  2 13:24:14 2024

Return Code: 1
Run Time:00h:00m:00s
Complete: Compile on avg_pool|rev_2

Running Flow: map (Map) on avg_pool|rev_2
# Thu May  2 13:24:14 2024
License granted for 4 parallel jobs

Running: fpga_mapper (Map & Optimize) on avg_pool|rev_2
# Thu May  2 13:24:14 2024
Copied /home/ted4152/Spring24/Facepga/MobileNet/hardware/sv/other_layers/avg_pool/rev_2/synwork/div_synth_m.srm to /home/ted4152/Spring24/Facepga/MobileNet/hardware/sv/other_layers/avg_pool/rev_2/div_synth.srm

fpga_mapper completed with warnings
# Thu May  2 13:24:15 2024

Return Code: 1
Run Time:00h:00m:01s
Complete: Map on avg_pool|rev_2
Complete: Logic Synthesis on avg_pool|rev_2
