/vol/synopsys/fpga/O-2018.09-SP1/bin/m_altera  -prodtype  synplify_premier  -encrypt  -pro  -rundir  /home/ted4152/Spring24/Facepga/MobileNet/hardware/sv/other_layers/avg_pool/rev_2   -part EP4CE6EA22-7    -maxfan 30 -verification_mode 0 -infer_seqShift -pipe -fixgatedclocks 1 -fixgeneratedclocks 1 -syn_altera_model on -mif_files_dirs " " -synthesis_strategy advanced -continue_on_error -validate_mif_files -reporting_ctd 0 -RWCheckOnRam 1 -summaryfile /home/ted4152/Spring24/Facepga/MobileNet/hardware/sv/other_layers/avg_pool/rev_2/synlog/report/div_synth_fpga_mapper.xml -merge_inferred_clocks 0  -map  -licensetype  synplifypremierdp  -flow mapping  -mp  4  -prjfile  /home/ted4152/Spring24/Facepga/MobileNet/hardware/sv/other_layers/avg_pool/rev_2/scratchproject.prs  -implementation  rev_2  -multisrs  -vqm41  -ovqm  /home/ted4152/Spring24/Facepga/MobileNet/hardware/sv/other_layers/avg_pool/rev_2/div_synth.vqm   -autoconstraint  -freq 1.000   /home/ted4152/Spring24/Facepga/MobileNet/hardware/sv/other_layers/avg_pool/rev_2/synwork/div_synth_prem.srd  -sap  /home/ted4152/Spring24/Facepga/MobileNet/hardware/sv/other_layers/avg_pool/rev_2/div_synth.sap  -otap  /home/ted4152/Spring24/Facepga/MobileNet/hardware/sv/other_layers/avg_pool/rev_2/div_synth.tap  -omap  /home/ted4152/Spring24/Facepga/MobileNet/hardware/sv/other_layers/avg_pool/rev_2/div_synth.map  -devicelib  /vol/synopsys/fpga/O-2018.09-SP1/lib/altera/altera.v  -devicelib  /vol/synopsys/fpga/O-2018.09-SP1/lib/altera/quartus_prime181/cycloneive.v  -devicelib  /vol/synopsys/fpga/O-2018.09-SP1/lib/altera/quartus_prime181/altera_mf.v  -devicelib  /vol/synopsys/fpga/O-2018.09-SP1/lib/altera/quartus_prime181/altera_lpm.v  -devicelib  /vol/synopsys/fpga/O-2018.09-SP1/lib/altera/quartus_prime181/altera_primitives.v  -sap  /home/ted4152/Spring24/Facepga/MobileNet/hardware/sv/other_layers/avg_pool/rev_2/div_synth.sap  -ologparam  /home/ted4152/Spring24/Facepga/MobileNet/hardware/sv/other_layers/avg_pool/rev_2/syntmp/div_synth.plg  -osyn  /home/ted4152/Spring24/Facepga/MobileNet/hardware/sv/other_layers/avg_pool/rev_2/div_synth.srm  -prjdir  /home/ted4152/Spring24/Facepga/MobileNet/hardware/sv/other_layers/avg_pool/  -prjname  avg_pool  -log  /home/ted4152/Spring24/Facepga/MobileNet/hardware/sv/other_layers/avg_pool/rev_2/synlog/div_synth_fpga_mapper.srr  -sn  2018.09  -jobname  "fpga_mapper" 
relcom:/vol/synopsys/fpga/O-2018.09-SP1/bin/m_altera -prodtype synplify_premier -encrypt -pro -rundir ../../rev_2 -part EP4CE6EA22-7 -maxfan 30 -verification_mode 0 -infer_seqShift -pipe -fixgatedclocks 1 -fixgeneratedclocks 1 -syn_altera_model on -mif_files_dirs " " -synthesis_strategy advanced -continue_on_error -validate_mif_files -reporting_ctd 0 -RWCheckOnRam 1 -summaryfile ../synlog/report/div_synth_fpga_mapper.xml -merge_inferred_clocks 0 -map -licensetype synplifypremierdp -flow mapping -mp 4 -prjfile ../scratchproject.prs -implementation rev_2 -multisrs -vqm41 -ovqm ../div_synth.vqm -autoconstraint -freq 1.000 ../synwork/div_synth_prem.srd -sap ../div_synth.sap -otap ../div_synth.tap -omap ../div_synth.map -devicelib /vol/synopsys/fpga/O-2018.09-SP1/lib/altera/altera.v -devicelib /vol/synopsys/fpga/O-2018.09-SP1/lib/altera/quartus_prime181/cycloneive.v -devicelib /vol/synopsys/fpga/O-2018.09-SP1/lib/altera/quartus_prime181/altera_mf.v -devicelib /vol/synopsys/fpga/O-2018.09-SP1/lib/altera/quartus_prime181/altera_lpm.v -devicelib /vol/synopsys/fpga/O-2018.09-SP1/lib/altera/quartus_prime181/altera_primitives.v -sap ../div_synth.sap -ologparam div_synth.plg -osyn ../div_synth.srm -prjdir ../../ -prjname avg_pool -log ../synlog/div_synth_fpga_mapper.srr -sn 2018.09 -jobname "fpga_mapper"
rc:1 success:1 runtime:1
file:../scratchproject.prs|io:o|time:1714674250|size:2043|exec:0|csum:
file:../div_synth.vqm|io:o|time:1714674255|size:5578|exec:0|csum:
file:../synwork/div_synth_prem.srd|io:i|time:1714674254|size:15237|exec:0|csum:238B62D213AB05114EE5B8A46BE3D52E
file:../div_synth.sap|io:o|time:1714674254|size:1770|exec:0|csum:
file:../div_synth.tap|io:o|time:0|size:-1|exec:0|csum:
file:../div_synth.map|io:o|time:1714674255|size:27|exec:0|csum:
file:/vol/synopsys/fpga/O-2018.09-SP1/lib/altera/altera.v|io:i|time:1543381811|size:761|exec:0|csum:530DBF8BEE396EFE8B33F0255371F1EA
file:/vol/synopsys/fpga/O-2018.09-SP1/lib/altera/quartus_prime181/cycloneive.v|io:i|time:1543381840|size:248626|exec:0|csum:B7FC851277DB49C2CA5F418047EB2E4F
file:/vol/synopsys/fpga/O-2018.09-SP1/lib/altera/quartus_prime181/altera_mf.v|io:i|time:1543381839|size:2618882|exec:0|csum:84794777C52804010B1D63698E285DB9
file:/vol/synopsys/fpga/O-2018.09-SP1/lib/altera/quartus_prime181/altera_lpm.v|io:i|time:1543381839|size:14867|exec:0|csum:01D82E1D5975CD832C9D765243E5182D
file:/vol/synopsys/fpga/O-2018.09-SP1/lib/altera/quartus_prime181/altera_primitives.v|io:i|time:1543381839|size:35286|exec:0|csum:C0AAD8CA21730C472D624582C058B929
file:../div_synth.sap|io:o|time:1714674254|size:1770|exec:0|csum:
file:div_synth.plg|io:o|time:1714674255|size:473|exec:0|csum:
file:../div_synth.srm|io:o|time:1714674255|size:11291|exec:0|csum:
file:../synlog/div_synth_fpga_mapper.srr|io:o|time:1714674255|size:38636|exec:0|csum:
file:/vol/synopsys/fpga/O-2018.09-SP1/linux_a_64/m_altera|io:i|time:1543382473|size:31613712|exec:1|csum:5FBEB6EEDF3364EAF4B7F14711D19D39
file:/vol/synopsys/fpga/O-2018.09-SP1/bin/m_altera|io:i|time:1543381999|size:347|exec:1|csum:04851DFC0CBB288ED81DA3E420127D0D
