
Copyright (C) 1994-2018 Synopsys, Inc.
This Synopsys software and all associated documentation are proprietary to Synopsys, Inc.
and may only be used pursuant to the terms and conditions of a written license agreement
with Synopsys, Inc. All other use, reproduction, modification, or distribution of the
Synopsys software or the associated documentation is strictly prohibited.
Tool: Synplify Pro (R)
Build: O-2018.09-SP1
Install: /vol/synopsys/fpga/O-2018.09-SP1
OS: Red Hat Enterprise Linux 8.9 (Ootpa)
Hostname: joker.ece.northwestern.edu
max virtual memory: unlimited (bytes)
max user processes: 126575
max stack size: 8388608 (bytes)


Implementation : rev_2
Synopsys HDL compiler and linker, Version comp2018q4p1, Build 004R, Built Nov 27 2018 21:19:49

Modified Files: 18
FID:  path (prevtimestamp, timestamp)
0        /home/ted4152/Spring24/Facepga/MobileNet/hardware/sv/conv/conv.sv (N/A, 2024-05-13 13:20:01)
1        /home/ted4152/Spring24/Facepga/MobileNet/hardware/sv/conv/window.sv (N/A, 2024-05-20 10:40:51)
2        /home/ted4152/Spring24/Facepga/MobileNet/hardware/sv/top/convolutional_layer.sv (N/A, 2024-05-16 11:50:00)
3        /vol/synopsys/fpga/O-2018.09-SP1/lib/altera/altera.v (N/A, 2018-11-27 23:10:11)
4        /vol/synopsys/fpga/O-2018.09-SP1/lib/altera/altera_mult_add.v (N/A, 2018-11-27 23:10:11)
5        /vol/synopsys/fpga/O-2018.09-SP1/lib/altera/quartus_prime181/altera_lpm.v (N/A, 2018-11-27 23:10:39)
6        /vol/synopsys/fpga/O-2018.09-SP1/lib/altera/quartus_prime181/altera_mf.v (N/A, 2018-11-27 23:10:39)
7        /vol/synopsys/fpga/O-2018.09-SP1/lib/altera/quartus_prime181/altera_primitives.v (N/A, 2018-11-27 23:10:39)
8        /vol/synopsys/fpga/O-2018.09-SP1/lib/altera/quartus_prime181/cyclonev.v (N/A, 2018-11-27 23:10:40)
9        /vol/synopsys/fpga/O-2018.09-SP1/lib/altera/quartus_prime181/cyclonev_atoms.v (N/A, 2018-11-27 23:10:40)
10       /vol/synopsys/fpga/O-2018.09-SP1/lib/altera/quartus_prime181/cyclonev_hps_atoms.sv (N/A, 2018-11-27 23:10:40)
11       /vol/synopsys/fpga/O-2018.09-SP1/lib/altera/quartus_prime181/cyclonev_hssi_atoms.v (N/A, 2018-11-27 23:10:40)
12       /vol/synopsys/fpga/O-2018.09-SP1/lib/altera/quartus_prime181/cyclonev_pcie_hip_atoms.v (N/A, 2018-11-27 23:10:40)
13       /vol/synopsys/fpga/O-2018.09-SP1/lib/synip/hcei/zceistubs.v (N/A, 2018-11-27 23:12:11)
14       /vol/synopsys/fpga/O-2018.09-SP1/lib/vlog/hypermods.v (N/A, 2018-11-27 23:17:48)
15       /vol/synopsys/fpga/O-2018.09-SP1/lib/vlog/scemi_objects.v (N/A, 2018-11-27 23:17:48)
16       /vol/synopsys/fpga/O-2018.09-SP1/lib/vlog/scemi_pipes.svh (N/A, 2018-11-27 23:17:48)
17       /vol/synopsys/fpga/O-2018.09-SP1/lib/vlog/umr_capim.v (N/A, 2018-08-08 02:43:25)

*******************************************************************
Modules that may have changed as a result of file changes: 3
MID:  lib.cell.view
0        work.conv.verilog may have changed because the following files changed:
                        /home/ted4152/Spring24/Facepga/MobileNet/hardware/sv/conv/conv.sv (N/A, 2024-05-13 13:20:01) <-- (module definition)
                        /home/ted4152/Spring24/Facepga/MobileNet/hardware/sv/top/convolutional_layer.sv (N/A, 2024-05-16 11:50:00) <-- (may instantiate this module)
1        work.convolutional_layer.verilog may have changed because the following files changed:
                        /home/ted4152/Spring24/Facepga/MobileNet/hardware/sv/top/convolutional_layer.sv (N/A, 2024-05-16 11:50:00) <-- (module definition)
2        work.window.verilog may have changed because the following files changed:
                        /home/ted4152/Spring24/Facepga/MobileNet/hardware/sv/conv/conv.sv (N/A, 2024-05-13 13:20:01) <-- (may instantiate this module)
                        /home/ted4152/Spring24/Facepga/MobileNet/hardware/sv/conv/window.sv (N/A, 2024-05-20 10:40:51) <-- (module definition)
                        /home/ted4152/Spring24/Facepga/MobileNet/hardware/sv/top/convolutional_layer.sv (N/A, 2024-05-16 11:50:00) <-- (may instantiate this module)

*******************************************************************
Unmodified files: 0
FID:  path (timestamp)

*******************************************************************
Unchanged modules: 0
MID:  lib.cell.view
