/vol/synopsys/fpga/O-2018.09-SP1/bin/c_hdl  -osyn  /home/ted4152/Spring24/Facepga/MobileNet/hardware/synth/rev_2/synwork/window_comp.srs  -hdllog  /home/ted4152/Spring24/Facepga/MobileNet/hardware/synth/rev_2/synlog/window_compiler.srr  -encrypt  -mp  4  -prodtype  synplify_premier  -licensetype  synplifypremierdp  -distcompmode 1 -verification_mode 0  -verilog  -prodtype  synplify_premier  -verification_mode 0 -infer_seqShift -primux -fixsmult -dspmac -nram -divnmod -continue_on_error -nostructver   -I /home/ted4152/Spring24/Facepga/MobileNet/hardware/synth/  -I /vol/synopsys/fpga/O-2018.09-SP1/lib   -sysv  -devicelib  /vol/synopsys/fpga/O-2018.09-SP1/lib/altera/altera.v  -devicelib  /vol/synopsys/fpga/O-2018.09-SP1/lib/altera/quartus_prime181/cycloneive.v  -devicelib  /vol/synopsys/fpga/O-2018.09-SP1/lib/altera/quartus_prime181/altera_mf.v  -devicelib  /vol/synopsys/fpga/O-2018.09-SP1/lib/altera/quartus_prime181/altera_lpm.v  -devicelib  /vol/synopsys/fpga/O-2018.09-SP1/lib/altera/quartus_prime181/altera_primitives.v  -encrypt  -pro  -dmgen  /home/ted4152/Spring24/Facepga/MobileNet/hardware/synth/rev_2/dm  -auto_infer_blackbox 0 -proto -ui -fid2 -ram -sharing on -ll 2000 -autosm  -D_MULTIPLE_FILE_COMPILATION_UNIT_  -fast_synthesis 0  -lib work -fsysv /home/ted4152/Spring24/Facepga/MobileNet/hardware/sv/conv/window.sv -lib work -fsysv /home/ted4152/Spring24/Facepga/MobileNet/hardware/sv/conv/conv.sv -lib work -fsysv /home/ted4152/Spring24/Facepga/MobileNet/hardware/sv/top/mobilenet.sv -lib work -fsysv /home/ted4152/Spring24/Facepga/MobileNet/hardware/sv/fc/fc.sv  -jobname  "compiler" 
relcom:/vol/synopsys/fpga/O-2018.09-SP1/bin/c_hdl -osyn ../synwork/window_comp.srs -hdllog ../synlog/window_compiler.srr -encrypt -mp 4 -prodtype synplify_premier -licensetype synplifypremierdp -distcompmode 1 -verification_mode 0 -verilog -prodtype synplify_premier -verification_mode 0 -infer_seqShift -primux -fixsmult -dspmac -nram -divnmod -continue_on_error -nostructver -I ../../ -I /vol/synopsys/fpga/O-2018.09-SP1/lib -sysv -devicelib /vol/synopsys/fpga/O-2018.09-SP1/lib/altera/altera.v -devicelib /vol/synopsys/fpga/O-2018.09-SP1/lib/altera/quartus_prime181/cycloneive.v -devicelib /vol/synopsys/fpga/O-2018.09-SP1/lib/altera/quartus_prime181/altera_mf.v -devicelib /vol/synopsys/fpga/O-2018.09-SP1/lib/altera/quartus_prime181/altera_lpm.v -devicelib /vol/synopsys/fpga/O-2018.09-SP1/lib/altera/quartus_prime181/altera_primitives.v -encrypt -pro -dmgen ../dm -auto_infer_blackbox 0 -proto -ui -fid2 -ram -sharing on -ll 2000 -autosm -D_MULTIPLE_FILE_COMPILATION_UNIT_ -fast_synthesis 0 -lib work -fsysv ../../../sv/conv/window.sv -lib work -fsysv ../../../sv/conv/conv.sv -lib work -fsysv ../../../sv/top/mobilenet.sv -lib work -fsysv ../../../sv/fc/fc.sv -jobname "compiler"
rc:0 success:1 runtime:3
file:../synwork/window_comp.srs|io:o|time:1713801568|size:1626|exec:0|csum:
file:../synlog/window_compiler.srr|io:o|time:1713801568|size:12916|exec:0|csum:
file:/vol/synopsys/fpga/O-2018.09-SP1/lib/altera/altera.v|io:i|time:1543381811|size:761|exec:0|csum:530DBF8BEE396EFE8B33F0255371F1EA
file:/vol/synopsys/fpga/O-2018.09-SP1/lib/altera/quartus_prime181/cycloneive.v|io:i|time:1543381840|size:248626|exec:0|csum:B7FC851277DB49C2CA5F418047EB2E4F
file:/vol/synopsys/fpga/O-2018.09-SP1/lib/altera/quartus_prime181/altera_mf.v|io:i|time:1543381839|size:2618882|exec:0|csum:84794777C52804010B1D63698E285DB9
file:/vol/synopsys/fpga/O-2018.09-SP1/lib/altera/quartus_prime181/altera_lpm.v|io:i|time:1543381839|size:14867|exec:0|csum:01D82E1D5975CD832C9D765243E5182D
file:/vol/synopsys/fpga/O-2018.09-SP1/lib/altera/quartus_prime181/altera_primitives.v|io:i|time:1543381839|size:35286|exec:0|csum:C0AAD8CA21730C472D624582C058B929
file:./-fsysv|io:i|time:0|size:-1|exec:0|csum:
file:../../../sv/conv/window.sv|io:i|time:1713214830|size:7020|exec:0|csum:9ED13045C462306FD0E3D3137DA2BB6F
file:./-fsysv|io:i|time:0|size:-1|exec:0|csum:
file:../../../sv/conv/conv.sv|io:i|time:1713376651|size:3336|exec:0|csum:3DB8677B18EA386E84EB19BBDAEB1DF8
file:./-fsysv|io:i|time:0|size:-1|exec:0|csum:
file:../../../sv/top/mobilenet.sv|io:i|time:1713801455|size:1591|exec:0|csum:450975B27F336E1E01AA42BBE4735A20
file:./-fsysv|io:i|time:0|size:-1|exec:0|csum:
file:../../../sv/fc/fc.sv|io:i|time:1713801559|size:2392|exec:0|csum:8962FAC2AC0C4E7B83F1931B635A4605
file:/vol/synopsys/fpga/O-2018.09-SP1/linux_a_64/c_hdl|io:i|time:1543382462|size:8760008|exec:1|csum:CF968C540087EF9F5288FFCDBF191EA5
file:/vol/synopsys/fpga/O-2018.09-SP1/bin/c_hdl|io:i|time:1543382354|size:367|exec:1|csum:E52A0D56112AD6C22F02B648B6F508CE
