##### START OF AREA REPORT #####[
Design view:work.convolutional_layer(verilog)
Selecting part 5CGXFC7C6F23C6

Total combinational functions 5043 of 112960 ( 4%)
ALUT usage by number of inputs
		  7 input functions 	 131
		  6 input functions 	 404
		  5 input functions 	 1944
		  4 input functions 	 398
		  <=3 input functions 	 2166
ALUTs by mode
		  normal mode            4272
		  extended LUT mode      131
		  arithmetic mode        480
		  shared arithmetic mode 160
Total registers 3310 of 225920 ( 1%)
Total Estimated Packed ALMs 2952 of 56480 ( 5%)
I/O pins 83 of 522 (16%), total I/O based on largest package of this part.

Number of I/O registers
			Input DDRs    :0
			Output DDRs   :0

DSP.M9X9: 32
DSP.M18X18_PLUS36: 4
DSP Blocks:     36 
ShiftTap:       0  (0 registers)
M10Ks:           8  (1% of 686)
Memory ALUTs:   160  (0% of 28240)
Total ESB:      26144 bits 

##### END OF AREA REPORT #####]

