
Copyright (C) 1994-2018 Synopsys, Inc.
This Synopsys software and all associated documentation are proprietary to Synopsys, Inc.
and may only be used pursuant to the terms and conditions of a written license agreement
with Synopsys, Inc. All other use, reproduction, modification, or distribution of the
Synopsys software or the associated documentation is strictly prohibited.
Tool: Synplify Pro (R)
Build: O-2018.09-SP1
Install: /vol/synopsys/fpga/O-2018.09-SP1
OS: Red Hat Enterprise Linux 8.9 (Ootpa)
Hostname: joker.ece.northwestern.edu
max virtual memory: unlimited (bytes)
max user processes: 126575
max stack size: 8388608 (bytes)


Implementation : rev_2

# Written on Mon May 20 10:57:18 2024

##### DESIGN INFO #######################################################

Top View:                "convolutional_layer"
Constraint File(s):      (none)




##### SUMMARY ############################################################

Found 0 issues in 0 out of 0 constraints


##### DETAILS ############################################################



Clock Relationships
*******************

Starting                      Ending                        |     rise to rise     |     fall to fall     |     rise to fall     |     fall to rise                     
-----------------------------------------------------------------------------------------------------------------------------------------------------------------------
convolutional_layer|clock     convolutional_layer|clock     |     5.234            |     No paths         |     No paths         |     No paths                         
=======================================================================================================================================================================
 Note: 'No paths' indicates there are no paths in the design for that pair of clock edges.
       'Diff grp' indicates that paths exist but the starting clock and ending clock are in different clock groups.


Unconstrained Start/End Points
******************************

p:bias_valid
p:idle
p:inputDim[0]
p:inputDim[1]
p:inputDim[2]
p:inputDim[3]
p:inputDim[4]
p:inputDim[5]
p:inputDim[6]
p:inputDim[7]
p:input_valid
p:newDataPacket[0]
p:newDataPacket[1]
p:newDataPacket[2]
p:newDataPacket[3]
p:newDataPacket[4]
p:newDataPacket[5]
p:newDataPacket[6]
p:newDataPacket[7]
p:newDataPacket[8]
p:newDataPacket[9]
p:newDataPacket[10]
p:newDataPacket[11]
p:newDataPacket[12]
p:newDataPacket[13]
p:newDataPacket[14]
p:newDataPacket[15]
p:newDataPacket[16]
p:newDataPacket[17]
p:newDataPacket[18]
p:newDataPacket[19]
p:newDataPacket[20]
p:newDataPacket[21]
p:newDataPacket[22]
p:newDataPacket[23]
p:newDataPacket[24]
p:newDataPacket[25]
p:newDataPacket[26]
p:newDataPacket[27]
p:newDataPacket[28]
p:newDataPacket[29]
p:newDataPacket[30]
p:newDataPacket[31]
p:output_enable
p:outputs_valid
p:reset
p:result[0]
p:result[1]
p:result[2]
p:result[3]
p:result[4]
p:result[5]
p:result[6]
p:result[7]
p:result[8]
p:result[9]
p:result[10]
p:result[11]
p:result[12]
p:result[13]
p:result[14]
p:result[15]
p:result[16]
p:result[17]
p:result[18]
p:result[19]
p:result[20]
p:result[21]
p:result[22]
p:result[23]
p:result[24]
p:result[25]
p:result[26]
p:result[27]
p:result[28]
p:result[29]
p:result[30]
p:result[31]
p:stride
p:weights_valid
p:windowDim[0]
p:windowDim[1]


Inapplicable constraints
************************

(none)


Applicable constraints with issues
**********************************

(none)


Constraints with matching wildcard expressions
**********************************************

(none)


Library Report
**************


# End of Constraint Checker Report
